<?xml version="1.0" encoding="UTF-8"?>
<testng-results skipped="0" failed="0" ignored="0" total="1" passed="1">
  <reporter-output>
  </reporter-output>
  <suite name="Default suite" duration-ms="18122" started-at="2022-08-15T22:53:01 EDT" finished-at="2022-08-15T22:53:19 EDT">
    <groups>
    </groups>
    <test name="Default test" duration-ms="18122" started-at="2022-08-15T22:53:01 EDT" finished-at="2022-08-15T22:53:19 EDT">
      <class name="gov.nasa.test_home.HomePageTest">
        <test-method status="PASS" signature="setUp()[pri:0, instance:gov.nasa.test_home.HomePageTest@543c6f6d]" name="setUp" is-config="true" duration-ms="17731" started-at="2022-08-15T22:53:01 EDT" finished-at="2022-08-15T22:53:19 EDT">
          <reporter-output>
          </reporter-output>
        </test-method> <!-- setUp -->
        <test-method status="PASS" signature="getName()[pri:0, instance:gov.nasa.test_home.HomePageTest@543c6f6d]" name="getName" duration-ms="9" started-at="2022-08-15T22:53:19 EDT" finished-at="2022-08-15T22:53:19 EDT">
          <reporter-output>
          </reporter-output>
        </test-method> <!-- getName -->
        <test-method status="PASS" signature="terminate()[pri:0, instance:gov.nasa.test_home.HomePageTest@543c6f6d]" name="terminate" is-config="true" duration-ms="285" started-at="2022-08-15T22:53:19 EDT" finished-at="2022-08-15T22:53:19 EDT">
          <reporter-output>
          </reporter-output>
        </test-method> <!-- terminate -->
      </class> <!-- gov.nasa.test_home.HomePageTest -->
    </test> <!-- Default test -->
  </suite> <!-- Default suite -->
</testng-results>
